Launching an Matlab run
Thu May 25 17:01:29 EDT 2023

                            < M A T L A B (R) >
                  Copyright 1984-2022 The MathWorks, Inc.
             R2022b Update 4 (9.13.0.2166757) 64-bit (glnxa64)
                              January 11, 2023

 
To get started, type doc.
For product information, visit www.mathworks.com.
 
c_rho = 5.00, c_gam = 1.00, K  = 4.0 
, oir = 0.50[Warning: Returned singular values might not be the largest. Increase
'MaxIterations' value.] 
[> In matlab.internal.math.LanczosBD (line 158)
In svds (line 195)
In ecv_chooseK (line 80)] 

 Nrep  = 5.0 
  Value    Count   Percent
      1        1      1.00%
      2        1      1.00%
      3        2      2.00%
      4       96     96.00%
  Value    Count   Percent
      1        1      1.00%
      2        1      1.00%
      3        2      2.00%
      4       96     96.00%
  Value    Count   Percent
      1        1      1.00%
      2        1      1.00%
      3        1      1.00%
      4       80     80.00%
      5       14     14.00%
      6        3      3.00%
>> Thu May 25 17:09:31 EDT 2023
