Launching an Matlab run
Wed May 24 17:13:42 EDT 2023

                            < M A T L A B (R) >
                  Copyright 1984-2022 The MathWorks, Inc.
             R2022b Update 4 (9.13.0.2166757) 64-bit (glnxa64)
                              January 11, 2023

 
To get started, type doc.
For product information, visit www.mathworks.com.
 
n = 200.0, 
 c_rho = 5.00, c_gam = 1.20, K  = 2.0, 
 oir = 0.50the  2th cluster in e is too small

result_gamma =

  Columns 1 through 7

    0.4833    0.9624    1.4462    1.9216    2.4011    0.0007    0.0004

  Columns 8 through 10

    0.0009    0.0009    0.0011


result_err =

    1.0000    1.0000    1.0000    1.0000


result_std =

     0     0     0     0

>> Wed May 24 17:14:28 EDT 2023
